Analysis & Synthesis report for project
Fri Dec 30 03:10:26 2022
Quartus Prime Version 18.1.0 Build 625 09/12/2018 SJ Lite Edition


---------------------
; Table of Contents ;
---------------------
  1. Legal Notice
  2. Analysis & Synthesis Summary
  3. Analysis & Synthesis Settings
  4. Parallel Compilation
  5. Analysis & Synthesis Source Files Read
  6. Analysis & Synthesis Resource Usage Summary
  7. Analysis & Synthesis Resource Utilization by Entity
  8. Registers Removed During Synthesis
  9. General Register Statistics
 10. Inverted Register Statistics
 11. Multiplexer Restructuring Statistics (Restructuring Performed)
 12. Post-Synthesis Netlist Statistics for Top Partition
 13. Elapsed Time Per Partition
 14. Analysis & Synthesis Messages



----------------
; Legal Notice ;
----------------
Copyright (C) 2018  Intel Corporation. All rights reserved.
Your use of Intel Corporation's design tools, logic functions 
and other software and tools, and its AMPP partner logic 
functions, and any output files from any of the foregoing 
(including device programming or simulation files), and any 
associated documentation or information are expressly subject 
to the terms and conditions of the Intel Program License 
Subscription Agreement, the Intel Quartus Prime License Agreement,
the Intel FPGA IP License Agreement, or other applicable license
agreement, including, without limitation, that your use is for
the sole purpose of programming logic devices manufactured by
Intel and sold by Intel or its authorized distributors.  Please
refer to the applicable agreement for further details.



+-------------------------------------------------------------------------------+
; Analysis & Synthesis Summary                                                  ;
+---------------------------------+---------------------------------------------+
; Analysis & Synthesis Status     ; Successful - Fri Dec 30 03:10:26 2022       ;
; Quartus Prime Version           ; 18.1.0 Build 625 09/12/2018 SJ Lite Edition ;
; Revision Name                   ; project                                     ;
; Top-level Entity Name           ; project                                     ;
; Family                          ; Cyclone V                                   ;
; Logic utilization (in ALMs)     ; N/A                                         ;
; Total registers                 ; 385                                         ;
; Total pins                      ; 42                                          ;
; Total virtual pins              ; 0                                           ;
; Total block memory bits         ; 0                                           ;
; Total DSP Blocks                ; 0                                           ;
; Total HSSI RX PCSs              ; 0                                           ;
; Total HSSI PMA RX Deserializers ; 0                                           ;
; Total HSSI TX PCSs              ; 0                                           ;
; Total HSSI PMA TX Serializers   ; 0                                           ;
; Total PLLs                      ; 0                                           ;
; Total DLLs                      ; 0                                           ;
+---------------------------------+---------------------------------------------+


+---------------------------------------------------------------------------------------------------------------------------+
; Analysis & Synthesis Settings                                                                                             ;
+---------------------------------------------------------------------------------+--------------------+--------------------+
; Option                                                                          ; Setting            ; Default Value      ;
+---------------------------------------------------------------------------------+--------------------+--------------------+
; Device                                                                          ; 5CEFA4F23C7        ;                    ;
; Top-level entity name                                                           ; project            ; project            ;
; Family name                                                                     ; Cyclone V          ; Cyclone V          ;
; Use smart compilation                                                           ; Off                ; Off                ;
; Enable parallel Assembler and Timing Analyzer during compilation                ; On                 ; On                 ;
; Enable compact report table                                                     ; Off                ; Off                ;
; Restructure Multiplexers                                                        ; Auto               ; Auto               ;
; MLAB Add Timing Constraints For Mixed-Port Feed-Through Mode Setting Don't Care ; Off                ; Off                ;
; Create Debugging Nodes for IP Cores                                             ; Off                ; Off                ;
; Preserve fewer node names                                                       ; On                 ; On                 ;
; Intel FPGA IP Evaluation Mode                                                   ; Enable             ; Enable             ;
; Verilog Version                                                                 ; Verilog_2001       ; Verilog_2001       ;
; VHDL Version                                                                    ; VHDL_1993          ; VHDL_1993          ;
; State Machine Processing                                                        ; Auto               ; Auto               ;
; Safe State Machine                                                              ; Off                ; Off                ;
; Extract Verilog State Machines                                                  ; On                 ; On                 ;
; Extract VHDL State Machines                                                     ; On                 ; On                 ;
; Ignore Verilog initial constructs                                               ; Off                ; Off                ;
; Iteration limit for constant Verilog loops                                      ; 5000               ; 5000               ;
; Iteration limit for non-constant Verilog loops                                  ; 250                ; 250                ;
; Add Pass-Through Logic to Inferred RAMs                                         ; On                 ; On                 ;
; Infer RAMs from Raw Logic                                                       ; On                 ; On                 ;
; Parallel Synthesis                                                              ; On                 ; On                 ;
; DSP Block Balancing                                                             ; Auto               ; Auto               ;
; NOT Gate Push-Back                                                              ; On                 ; On                 ;
; Power-Up Don't Care                                                             ; On                 ; On                 ;
; Remove Redundant Logic Cells                                                    ; Off                ; Off                ;
; Remove Duplicate Registers                                                      ; On                 ; On                 ;
; Ignore CARRY Buffers                                                            ; Off                ; Off                ;
; Ignore CASCADE Buffers                                                          ; Off                ; Off                ;
; Ignore GLOBAL Buffers                                                           ; Off                ; Off                ;
; Ignore ROW GLOBAL Buffers                                                       ; Off                ; Off                ;
; Ignore LCELL Buffers                                                            ; Off                ; Off                ;
; Ignore SOFT Buffers                                                             ; On                 ; On                 ;
; Limit AHDL Integers to 32 Bits                                                  ; Off                ; Off                ;
; Optimization Technique                                                          ; Balanced           ; Balanced           ;
; Carry Chain Length                                                              ; 70                 ; 70                 ;
; Auto Carry Chains                                                               ; On                 ; On                 ;
; Auto Open-Drain Pins                                                            ; On                 ; On                 ;
; Perform WYSIWYG Primitive Resynthesis                                           ; Off                ; Off                ;
; Auto ROM Replacement                                                            ; On                 ; On                 ;
; Auto RAM Replacement                                                            ; On                 ; On                 ;
; Auto DSP Block Replacement                                                      ; On                 ; On                 ;
; Auto Shift Register Replacement                                                 ; Auto               ; Auto               ;
; Allow Shift Register Merging across Hierarchies                                 ; Auto               ; Auto               ;
; Auto Clock Enable Replacement                                                   ; On                 ; On                 ;
; Strict RAM Replacement                                                          ; Off                ; Off                ;
; Allow Synchronous Control Signals                                               ; On                 ; On                 ;
; Force Use of Synchronous Clear Signals                                          ; Off                ; Off                ;
; Auto Resource Sharing                                                           ; Off                ; Off                ;
; Allow Any RAM Size For Recognition                                              ; Off                ; Off                ;
; Allow Any ROM Size For Recognition                                              ; Off                ; Off                ;
; Allow Any Shift Register Size For Recognition                                   ; Off                ; Off                ;
; Use LogicLock Constraints during Resource Balancing                             ; On                 ; On                 ;
; Ignore translate_off and synthesis_off directives                               ; Off                ; Off                ;
; Timing-Driven Synthesis                                                         ; On                 ; On                 ;
; Report Parameter Settings                                                       ; On                 ; On                 ;
; Report Source Assignments                                                       ; On                 ; On                 ;
; Report Connectivity Checks                                                      ; On                 ; On                 ;
; Ignore Maximum Fan-Out Assignments                                              ; Off                ; Off                ;
; Synchronization Register Chain Length                                           ; 3                  ; 3                  ;
; Power Optimization During Synthesis                                             ; Normal compilation ; Normal compilation ;
; HDL message level                                                               ; Level2             ; Level2             ;
; Suppress Register Optimization Related Messages                                 ; Off                ; Off                ;
; Number of Removed Registers Reported in Synthesis Report                        ; 5000               ; 5000               ;
; Number of Swept Nodes Reported in Synthesis Report                              ; 5000               ; 5000               ;
; Number of Inverted Registers Reported in Synthesis Report                       ; 100                ; 100                ;
; Clock MUX Protection                                                            ; On                 ; On                 ;
; Auto Gated Clock Conversion                                                     ; Off                ; Off                ;
; Block Design Naming                                                             ; Auto               ; Auto               ;
; SDC constraint protection                                                       ; Off                ; Off                ;
; Synthesis Effort                                                                ; Auto               ; Auto               ;
; Shift Register Replacement - Allow Asynchronous Clear Signal                    ; On                 ; On                 ;
; Pre-Mapping Resynthesis Optimization                                            ; Off                ; Off                ;
; Analysis & Synthesis Message Level                                              ; Medium             ; Medium             ;
; Disable Register Merging Across Hierarchies                                     ; Auto               ; Auto               ;
; Resource Aware Inference For Block RAM                                          ; On                 ; On                 ;
; Automatic Parallel Synthesis                                                    ; On                 ; On                 ;
; Partial Reconfiguration Bitstream ID                                            ; Off                ; Off                ;
+---------------------------------------------------------------------------------+--------------------+--------------------+


+------------------------------------------+
; Parallel Compilation                     ;
+----------------------------+-------------+
; Processors                 ; Number      ;
+----------------------------+-------------+
; Number detected on machine ; 16          ;
; Maximum allowed            ; 12          ;
;                            ;             ;
; Average used               ; 1.00        ;
; Maximum used               ; 12          ;
;                            ;             ;
; Usage by Processor         ; % Time Used ;
;     Processor 1            ; 100.0%      ;
;     Processor 2            ;   0.0%      ;
;     Processor 3            ;   0.0%      ;
;     Processor 4            ;   0.0%      ;
;     Processor 5            ;   0.0%      ;
;     Processor 6            ;   0.0%      ;
;     Processor 7            ;   0.0%      ;
;     Processor 8            ;   0.0%      ;
;     Processors 9-12        ;   0.0%      ;
+----------------------------+-------------+


+--------------------------------------------------------------------------------------------------------------------------------------------------+
; Analysis & Synthesis Source Files Read                                                                                                           ;
+----------------------------------+-----------------+------------------------+----------------------------------------------------------+---------+
; File Name with User-Entered Path ; Used in Netlist ; File Type              ; File Name with Absolute Path                             ; Library ;
+----------------------------------+-----------------+------------------------+----------------------------------------------------------+---------+
; project.v                        ; yes             ; User Verilog HDL File  ; C:/Users/Midas/Desktop/quartus/project/project.v         ;         ;
; counter.v                        ; yes             ; User Verilog HDL File  ; C:/Users/Midas/Desktop/quartus/project/counter.v         ;         ;
; dot_display.v                    ; yes             ; User Verilog HDL File  ; C:/Users/Midas/Desktop/quartus/project/dot_display.v     ;         ;
; down_move.v                      ; yes             ; User Verilog HDL File  ; C:/Users/Midas/Desktop/quartus/project/down_move.v       ;         ;
; counter2.v                       ; yes             ; User Verilog HDL File  ; C:/Users/Midas/Desktop/quartus/project/counter2.v        ;         ;
; board_display.v                  ; yes             ; User Verilog HDL File  ; C:/Users/Midas/Desktop/quartus/project/board_display.v   ;         ;
; generate_block.v                 ; yes             ; User Verilog HDL File  ; C:/Users/Midas/Desktop/quartus/project/generate_block.v  ;         ;
; change_position.v                ; yes             ; User Verilog HDL File  ; C:/Users/Midas/Desktop/quartus/project/change_position.v ;         ;
; left_right_move.v                ; yes             ; User Verilog HDL File  ; C:/Users/Midas/Desktop/quartus/project/left_right_move.v ;         ;
; oneshot.v                        ; yes             ; User Verilog HDL File  ; C:/Users/Midas/Desktop/quartus/project/oneshot.v         ;         ;
+----------------------------------+-----------------+------------------------+----------------------------------------------------------+---------+


+-------------------------------------------------------------------+
; Analysis & Synthesis Resource Usage Summary                       ;
+---------------------------------------------+---------------------+
; Resource                                    ; Usage               ;
+---------------------------------------------+---------------------+
; Estimate of Logic utilization (ALMs needed) ; 1077                ;
;                                             ;                     ;
; Combinational ALUT usage for logic          ; 1619                ;
;     -- 7 input functions                    ; 9                   ;
;     -- 6 input functions                    ; 522                 ;
;     -- 5 input functions                    ; 598                 ;
;     -- 4 input functions                    ; 234                 ;
;     -- <=3 input functions                  ; 256                 ;
;                                             ;                     ;
; Dedicated logic registers                   ; 385                 ;
;                                             ;                     ;
; I/O pins                                    ; 42                  ;
;                                             ;                     ;
; Total DSP Blocks                            ; 0                   ;
;                                             ;                     ;
; Maximum fan-out node                        ; counter2:c2|CLK_out ;
; Maximum fan-out                             ; 172                 ;
; Total fan-out                               ; 8986                ;
; Average fan-out                             ; 4.30                ;
+---------------------------------------------+---------------------+


+-------------------------------------------------------------------------------------------------------------------------------------------------------------------------------------------------------------------------+
; Analysis & Synthesis Resource Utilization by Entity                                                                                                                                                                     ;
+-------------------------------------+---------------------+---------------------------+-------------------+------------+------+--------------+-----------------------------------------+-----------------+--------------+
; Compilation Hierarchy Node          ; Combinational ALUTs ; Dedicated Logic Registers ; Block Memory Bits ; DSP Blocks ; Pins ; Virtual Pins ; Full Hierarchy Name                     ; Entity Name     ; Library Name ;
+-------------------------------------+---------------------+---------------------------+-------------------+------------+------+--------------+-----------------------------------------+-----------------+--------------+
; |project                            ; 1619 (0)            ; 385 (0)                   ; 0                 ; 0          ; 42   ; 0            ; |project                                ; project         ; work         ;
;    |board_display:bd|               ; 60 (60)             ; 156 (156)                 ; 0                 ; 0          ; 0    ; 0            ; |project|board_display:bd               ; board_display   ; work         ;
;    |counter2:c2|                    ; 40 (40)             ; 33 (33)                   ; 0                 ; 0          ; 0    ; 0            ; |project|counter2:c2                    ; counter2        ; work         ;
;    |counter:c|                      ; 40 (40)             ; 33 (33)                   ; 0                 ; 0          ; 0    ; 0            ; |project|counter:c                      ; counter         ; work         ;
;    |dot_display:dd|                 ; 14 (14)             ; 0 (0)                     ; 0                 ; 0          ; 0    ; 0            ; |project|dot_display:dd                 ; dot_display     ; work         ;
;    |down_move:dm|                   ; 1333 (1333)         ; 147 (147)                 ; 0                 ; 0          ; 0    ; 0            ; |project|down_move:dm                   ; down_move       ; work         ;
;    |left_right_move:comb_4|         ; 128 (128)           ; 12 (12)                   ; 0                 ; 0          ; 0    ; 0            ; |project|left_right_move:comb_4         ; left_right_move ; work         ;
;    |oneshot:debouncer_left_button|  ; 2 (2)               ; 2 (2)                     ; 0                 ; 0          ; 0    ; 0            ; |project|oneshot:debouncer_left_button  ; oneshot         ; work         ;
;    |oneshot:debouncer_right_button| ; 2 (2)               ; 2 (2)                     ; 0                 ; 0          ; 0    ; 0            ; |project|oneshot:debouncer_right_button ; oneshot         ; work         ;
+-------------------------------------+---------------------+---------------------------+-------------------+------------+------+--------------+-----------------------------------------+-----------------+--------------+
Note: For table entries with two numbers listed, the numbers in parentheses indicate the number of resources of the given type used by the specific entity alone. The numbers listed outside of parentheses indicate the total resources of the given type used by the specific entity and all of its sub-entities in the hierarchy.


+----------------------------------------------------------------------------------+
; Registers Removed During Synthesis                                               ;
+---------------------------------------+------------------------------------------+
; Register name                         ; Reason for Removal                       ;
+---------------------------------------+------------------------------------------+
; down_move:dm|new_block2_y[3]          ; Merged with down_move:dm|new_block1_y[3] ;
; down_move:dm|new_block2_y[2]          ; Merged with down_move:dm|new_block1_y[2] ;
; down_move:dm|new_block2_y[1]          ; Merged with down_move:dm|new_block1_y[1] ;
; down_move:dm|new_block2_y[0]          ; Merged with down_move:dm|new_block1_y[0] ;
; down_move:dm|new_block4_y[3]          ; Merged with down_move:dm|new_block3_y[3] ;
; down_move:dm|new_block4_y[2]          ; Merged with down_move:dm|new_block3_y[2] ;
; down_move:dm|new_block4_y[1]          ; Merged with down_move:dm|new_block3_y[1] ;
; down_move:dm|new_block4_y[0]          ; Merged with down_move:dm|new_block3_y[0] ;
; Total Number of Removed Registers = 8 ;                                          ;
+---------------------------------------+------------------------------------------+


+------------------------------------------------------+
; General Register Statistics                          ;
+----------------------------------------------+-------+
; Statistic                                    ; Value ;
+----------------------------------------------+-------+
; Total registers                              ; 385   ;
; Number of registers using Synchronous Clear  ; 80    ;
; Number of registers using Synchronous Load   ; 8     ;
; Number of registers using Asynchronous Clear ; 136   ;
; Number of registers using Asynchronous Load  ; 0     ;
; Number of registers using Clock Enable       ; 149   ;
; Number of registers using Preset             ; 0     ;
+----------------------------------------------+-------+


+---------------------------------------------------+
; Inverted Register Statistics                      ;
+-----------------------------------------+---------+
; Inverted Register                       ; Fan out ;
+-----------------------------------------+---------+
; left_right_move:comb_4|next_block2_x[0] ; 30      ;
; left_right_move:comb_4|next_block4_x[1] ; 23      ;
; left_right_move:comb_4|next_block4_x[0] ; 26      ;
; left_right_move:comb_4|next_block3_x[1] ; 24      ;
; Total number of inverted registers = 4  ;         ;
+-----------------------------------------+---------+


+----------------------------------------------------------------------------------------------------------------------------------------------------------------+
; Multiplexer Restructuring Statistics (Restructuring Performed)                                                                                                 ;
+--------------------+-----------+---------------+----------------------+------------------------+------------+--------------------------------------------------+
; Multiplexer Inputs ; Bus Width ; Baseline Area ; Area if Restructured ; Saving if Restructured ; Registered ; Example Multiplexer Output                       ;
+--------------------+-----------+---------------+----------------------+------------------------+------------+--------------------------------------------------+
; 4:1                ; 8 bits    ; 16 LEs        ; 0 LEs                ; 16 LEs                 ; Yes        ; |project|down_move:dm|new_map[9]                 ;
; 4:1                ; 88 bits   ; 176 LEs       ; 176 LEs              ; 0 LEs                  ; Yes        ; |project|down_move:dm|new_map[22]                ;
; 3:1                ; 8 bits    ; 16 LEs        ; 0 LEs                ; 16 LEs                 ; Yes        ; |project|down_move:dm|new_map[5]                 ;
; 4:1                ; 8 bits    ; 16 LEs        ; 16 LEs               ; 0 LEs                  ; Yes        ; |project|down_move:dm|new_map[121]               ;
; 5:1                ; 16 bits   ; 48 LEs        ; 32 LEs               ; 16 LEs                 ; Yes        ; |project|down_move:dm|new_map[107]               ;
; 4:1                ; 6 bits    ; 12 LEs        ; 6 LEs                ; 6 LEs                  ; Yes        ; |project|left_right_move:comb_4|next_block1_x[2] ;
; 16:1               ; 8 bits    ; 80 LEs        ; 80 LEs               ; 0 LEs                  ; Yes        ; |project|board_display:bd|row[7]                 ;
; 6:1                ; 2 bits    ; 8 LEs         ; 4 LEs                ; 4 LEs                  ; Yes        ; |project|oneshot:debouncer_right_button|ss[0]    ;
; 6:1                ; 2 bits    ; 8 LEs         ; 4 LEs                ; 4 LEs                  ; Yes        ; |project|oneshot:debouncer_left_button|ss[1]     ;
; 3:1                ; 2 bits    ; 4 LEs         ; 2 LEs                ; 2 LEs                  ; Yes        ; |project|left_right_move:comb_4|next_block4_x[0] ;
; 4:1                ; 2 bits    ; 4 LEs         ; 2 LEs                ; 2 LEs                  ; Yes        ; |project|left_right_move:comb_4|next_block4_x[1] ;
; 4:1                ; 6 bits    ; 12 LEs        ; 12 LEs               ; 0 LEs                  ; No         ; |project|left_right_move:comb_4|Mux8             ;
; 4:1                ; 6 bits    ; 12 LEs        ; 12 LEs               ; 0 LEs                  ; No         ; |project|left_right_move:comb_4|Mux10            ;
; 3:1                ; 8 bits    ; 16 LEs        ; 16 LEs               ; 0 LEs                  ; No         ; |project|down_move:dm|new_map                    ;
; 4:1                ; 8 bits    ; 16 LEs        ; 16 LEs               ; 0 LEs                  ; No         ; |project|down_move:dm|new_map                    ;
; 3:1                ; 8 bits    ; 16 LEs        ; 16 LEs               ; 0 LEs                  ; No         ; |project|down_move:dm|new_map                    ;
; 3:1                ; 8 bits    ; 16 LEs        ; 16 LEs               ; 0 LEs                  ; No         ; |project|down_move:dm|new_map                    ;
; 4:1                ; 8 bits    ; 16 LEs        ; 16 LEs               ; 0 LEs                  ; No         ; |project|down_move:dm|new_map                    ;
; 4:1                ; 8 bits    ; 16 LEs        ; 16 LEs               ; 0 LEs                  ; No         ; |project|down_move:dm|new_map                    ;
; 3:1                ; 128 bits  ; 256 LEs       ; 256 LEs              ; 0 LEs                  ; No         ; |project|down_move:dm|ShiftLeft1                 ;
; 3:1                ; 128 bits  ; 256 LEs       ; 256 LEs              ; 0 LEs                  ; No         ; |project|down_move:dm|ShiftLeft1                 ;
; 3:1                ; 128 bits  ; 256 LEs       ; 256 LEs              ; 0 LEs                  ; No         ; |project|down_move:dm|ShiftLeft2                 ;
; 3:1                ; 128 bits  ; 256 LEs       ; 256 LEs              ; 0 LEs                  ; No         ; |project|down_move:dm|ShiftLeft2                 ;
; 3:1                ; 8 bits    ; 16 LEs        ; 16 LEs               ; 0 LEs                  ; No         ; |project|down_move:dm|new_map                    ;
; 3:1                ; 8 bits    ; 16 LEs        ; 16 LEs               ; 0 LEs                  ; No         ; |project|down_move:dm|new_map                    ;
; 4:1                ; 8 bits    ; 16 LEs        ; 16 LEs               ; 0 LEs                  ; No         ; |project|down_move:dm|new_map                    ;
; 4:1                ; 56 bits   ; 112 LEs       ; 112 LEs              ; 0 LEs                  ; No         ; |project|down_move:dm|new_map                    ;
; 3:1                ; 8 bits    ; 16 LEs        ; 16 LEs               ; 0 LEs                  ; No         ; |project|down_move:dm|new_map                    ;
; 3:1                ; 8 bits    ; 16 LEs        ; 16 LEs               ; 0 LEs                  ; No         ; |project|down_move:dm|new_map                    ;
; 4:1                ; 8 bits    ; 16 LEs        ; 16 LEs               ; 0 LEs                  ; No         ; |project|down_move:dm|new_map                    ;
; 4:1                ; 40 bits   ; 80 LEs        ; 80 LEs               ; 0 LEs                  ; No         ; |project|down_move:dm|new_map                    ;
; 3:1                ; 8 bits    ; 16 LEs        ; 16 LEs               ; 0 LEs                  ; No         ; |project|down_move:dm|new_map                    ;
; 3:1                ; 8 bits    ; 16 LEs        ; 16 LEs               ; 0 LEs                  ; No         ; |project|down_move:dm|new_map                    ;
; 4:1                ; 8 bits    ; 16 LEs        ; 16 LEs               ; 0 LEs                  ; No         ; |project|down_move:dm|new_map                    ;
; 4:1                ; 88 bits   ; 176 LEs       ; 176 LEs              ; 0 LEs                  ; No         ; |project|down_move:dm|new_map                    ;
; 3:1                ; 8 bits    ; 16 LEs        ; 16 LEs               ; 0 LEs                  ; No         ; |project|down_move:dm|new_map                    ;
; 3:1                ; 8 bits    ; 16 LEs        ; 16 LEs               ; 0 LEs                  ; No         ; |project|down_move:dm|new_map                    ;
; 4:1                ; 8 bits    ; 16 LEs        ; 16 LEs               ; 0 LEs                  ; No         ; |project|down_move:dm|new_map                    ;
; 4:1                ; 72 bits   ; 144 LEs       ; 144 LEs              ; 0 LEs                  ; No         ; |project|down_move:dm|new_map                    ;
; 3:1                ; 8 bits    ; 16 LEs        ; 16 LEs               ; 0 LEs                  ; No         ; |project|down_move:dm|new_map                    ;
; 3:1                ; 8 bits    ; 16 LEs        ; 16 LEs               ; 0 LEs                  ; No         ; |project|down_move:dm|new_map                    ;
; 4:1                ; 8 bits    ; 16 LEs        ; 16 LEs               ; 0 LEs                  ; No         ; |project|down_move:dm|new_map                    ;
; 4:1                ; 24 bits   ; 48 LEs        ; 48 LEs               ; 0 LEs                  ; No         ; |project|down_move:dm|new_map                    ;
; 7:1                ; 2 bits    ; 8 LEs         ; 8 LEs                ; 0 LEs                  ; No         ; |project|left_right_move:comb_4|Mux8             ;
; 7:1                ; 2 bits    ; 8 LEs         ; 8 LEs                ; 0 LEs                  ; No         ; |project|left_right_move:comb_4|Mux8             ;
; 7:1                ; 2 bits    ; 8 LEs         ; 8 LEs                ; 0 LEs                  ; No         ; |project|left_right_move:comb_4|Mux10            ;
; 7:1                ; 2 bits    ; 8 LEs         ; 8 LEs                ; 0 LEs                  ; No         ; |project|left_right_move:comb_4|Mux10            ;
; 16:1               ; 6 bits    ; 60 LEs        ; 60 LEs               ; 0 LEs                  ; No         ; |project|left_right_move:comb_4|Mux8             ;
; 16:1               ; 6 bits    ; 60 LEs        ; 60 LEs               ; 0 LEs                  ; No         ; |project|left_right_move:comb_4|Mux10            ;
+--------------------+-----------+---------------+----------------------+------------------------+------------+--------------------------------------------------+


+-----------------------------------------------------+
; Post-Synthesis Netlist Statistics for Top Partition ;
+-----------------------+-----------------------------+
; Type                  ; Count                       ;
+-----------------------+-----------------------------+
; arriav_ff             ; 385                         ;
;     CLR               ; 8                           ;
;     ENA               ; 21                          ;
;     ENA CLR           ; 112                         ;
;     ENA CLR SCLR      ; 8                           ;
;     ENA CLR SCLR SLD  ; 8                           ;
;     SCLR              ; 64                          ;
;     plain             ; 164                         ;
; arriav_lcell_comb     ; 1621                        ;
;     arith             ; 84                          ;
;         1 data inputs ; 82                          ;
;         4 data inputs ; 2                           ;
;     extend            ; 9                           ;
;         7 data inputs ; 9                           ;
;     normal            ; 1508                        ;
;         1 data inputs ; 5                           ;
;         2 data inputs ; 34                          ;
;         3 data inputs ; 119                         ;
;         4 data inputs ; 230                         ;
;         5 data inputs ; 598                         ;
;         6 data inputs ; 522                         ;
;     shared            ; 20                          ;
;         1 data inputs ; 14                          ;
;         3 data inputs ; 4                           ;
;         4 data inputs ; 2                           ;
; boundary_port         ; 42                          ;
;                       ;                             ;
; Max LUT depth         ; 13.10                       ;
; Average LUT depth     ; 8.61                        ;
+-----------------------+-----------------------------+


+-------------------------------+
; Elapsed Time Per Partition    ;
+----------------+--------------+
; Partition Name ; Elapsed Time ;
+----------------+--------------+
; Top            ; 00:00:07     ;
+----------------+--------------+


+-------------------------------+
; Analysis & Synthesis Messages ;
+-------------------------------+
Info: *******************************************************************
Info: Running Quartus Prime Analysis & Synthesis
    Info: Version 18.1.0 Build 625 09/12/2018 SJ Lite Edition
    Info: Processing started: Fri Dec 30 03:10:09 2022
Info: Command: quartus_map --read_settings_files=on --write_settings_files=off project -c project
Warning (18236): Number of processors has not been specified which may cause overloading on shared machines.  Set the global assignment NUM_PARALLEL_PROCESSORS in your QSF to an appropriate value for best performance.
Info (20030): Parallel compilation is enabled and will use 12 of the 12 processors detected
Info (12021): Found 1 design units, including 1 entities, in source file project.v
    Info (12023): Found entity 1: project File: C:/Users/Midas/Desktop/quartus/project/project.v Line: 1
Info (12021): Found 1 design units, including 1 entities, in source file counter.v
    Info (12023): Found entity 1: counter File: C:/Users/Midas/Desktop/quartus/project/counter.v Line: 1
Info (12021): Found 1 design units, including 1 entities, in source file dot_display.v
    Info (12023): Found entity 1: dot_display File: C:/Users/Midas/Desktop/quartus/project/dot_display.v Line: 1
Warning (12019): Can't analyze file -- file check.v is missing
Info (12021): Found 1 design units, including 1 entities, in source file down_move.v
    Info (12023): Found entity 1: down_move File: C:/Users/Midas/Desktop/quartus/project/down_move.v Line: 1
Info (12021): Found 1 design units, including 1 entities, in source file counter2.v
    Info (12023): Found entity 1: counter2 File: C:/Users/Midas/Desktop/quartus/project/counter2.v Line: 1
Info (12021): Found 1 design units, including 1 entities, in source file board_display.v
    Info (12023): Found entity 1: board_display File: C:/Users/Midas/Desktop/quartus/project/board_display.v Line: 1
Info (12021): Found 1 design units, including 1 entities, in source file generate_block.v
    Info (12023): Found entity 1: generate_block File: C:/Users/Midas/Desktop/quartus/project/generate_block.v Line: 1
Info (12021): Found 1 design units, including 1 entities, in source file change_position.v
    Info (12023): Found entity 1: change_position File: C:/Users/Midas/Desktop/quartus/project/change_position.v Line: 1
Info (12021): Found 1 design units, including 1 entities, in source file debouncer.v
    Info (12023): Found entity 1: debouncer File: C:/Users/Midas/Desktop/quartus/project/debouncer.v Line: 1
Info (12021): Found 1 design units, including 1 entities, in source file left_right_move.v
    Info (12023): Found entity 1: left_right_move File: C:/Users/Midas/Desktop/quartus/project/left_right_move.v Line: 1
Info (12021): Found 1 design units, including 1 entities, in source file oneshot.v
    Info (12023): Found entity 1: oneshot File: C:/Users/Midas/Desktop/quartus/project/oneshot.v Line: 1
Warning (10236): Verilog HDL Implicit Net warning at project.v(25): created implicit net for "dis" File: C:/Users/Midas/Desktop/quartus/project/project.v Line: 25
Critical Warning (10846): Verilog HDL Instantiation warning at project.v(34): instance has no name File: C:/Users/Midas/Desktop/quartus/project/project.v Line: 34
Critical Warning (10846): Verilog HDL Instantiation warning at project.v(37): instance has no name File: C:/Users/Midas/Desktop/quartus/project/project.v Line: 37
Critical Warning (10846): Verilog HDL Instantiation warning at project.v(40): instance has no name File: C:/Users/Midas/Desktop/quartus/project/project.v Line: 40
Info (12127): Elaborating entity "project" for the top level hierarchy
Info (12128): Elaborating entity "counter" for hierarchy "counter:c" File: C:/Users/Midas/Desktop/quartus/project/project.v Line: 23
Warning (10230): Verilog HDL assignment warning at counter.v(10): truncated value with size 32 to match size of target (1) File: C:/Users/Midas/Desktop/quartus/project/counter.v Line: 10
Info (12128): Elaborating entity "counter2" for hierarchy "counter2:c2" File: C:/Users/Midas/Desktop/quartus/project/project.v Line: 25
Warning (10230): Verilog HDL assignment warning at counter2.v(10): truncated value with size 32 to match size of target (1) File: C:/Users/Midas/Desktop/quartus/project/counter2.v Line: 10
Info (12128): Elaborating entity "dot_display" for hierarchy "dot_display:dd" File: C:/Users/Midas/Desktop/quartus/project/project.v Line: 27
Info (12128): Elaborating entity "oneshot" for hierarchy "oneshot:debouncer_right_button" File: C:/Users/Midas/Desktop/quartus/project/project.v Line: 30
Info (12128): Elaborating entity "generate_block" for hierarchy "generate_block:comb_3" File: C:/Users/Midas/Desktop/quartus/project/project.v Line: 34
Info (12128): Elaborating entity "left_right_move" for hierarchy "left_right_move:comb_4" File: C:/Users/Midas/Desktop/quartus/project/project.v Line: 37
Warning (10230): Verilog HDL assignment warning at left_right_move.v(90): truncated value with size 32 to match size of target (3) File: C:/Users/Midas/Desktop/quartus/project/left_right_move.v Line: 90
Warning (10230): Verilog HDL assignment warning at left_right_move.v(91): truncated value with size 32 to match size of target (3) File: C:/Users/Midas/Desktop/quartus/project/left_right_move.v Line: 91
Warning (10230): Verilog HDL assignment warning at left_right_move.v(92): truncated value with size 32 to match size of target (3) File: C:/Users/Midas/Desktop/quartus/project/left_right_move.v Line: 92
Warning (10230): Verilog HDL assignment warning at left_right_move.v(93): truncated value with size 32 to match size of target (3) File: C:/Users/Midas/Desktop/quartus/project/left_right_move.v Line: 93
Warning (10230): Verilog HDL assignment warning at left_right_move.v(114): truncated value with size 32 to match size of target (3) File: C:/Users/Midas/Desktop/quartus/project/left_right_move.v Line: 114
Warning (10230): Verilog HDL assignment warning at left_right_move.v(115): truncated value with size 32 to match size of target (3) File: C:/Users/Midas/Desktop/quartus/project/left_right_move.v Line: 115
Warning (10230): Verilog HDL assignment warning at left_right_move.v(116): truncated value with size 32 to match size of target (3) File: C:/Users/Midas/Desktop/quartus/project/left_right_move.v Line: 116
Warning (10230): Verilog HDL assignment warning at left_right_move.v(117): truncated value with size 32 to match size of target (3) File: C:/Users/Midas/Desktop/quartus/project/left_right_move.v Line: 117
Info (12128): Elaborating entity "change_position" for hierarchy "change_position:comb_5" File: C:/Users/Midas/Desktop/quartus/project/project.v Line: 40
Info (12128): Elaborating entity "down_move" for hierarchy "down_move:dm" File: C:/Users/Midas/Desktop/quartus/project/project.v Line: 43
Warning (10230): Verilog HDL assignment warning at down_move.v(38): truncated value with size 32 to match size of target (10) File: C:/Users/Midas/Desktop/quartus/project/down_move.v Line: 38
Warning (10230): Verilog HDL assignment warning at down_move.v(47): truncated value with size 32 to match size of target (10) File: C:/Users/Midas/Desktop/quartus/project/down_move.v Line: 47
Warning (10230): Verilog HDL assignment warning at down_move.v(56): truncated value with size 32 to match size of target (10) File: C:/Users/Midas/Desktop/quartus/project/down_move.v Line: 56
Warning (10230): Verilog HDL assignment warning at down_move.v(65): truncated value with size 32 to match size of target (10) File: C:/Users/Midas/Desktop/quartus/project/down_move.v Line: 65
Warning (10230): Verilog HDL assignment warning at down_move.v(74): truncated value with size 32 to match size of target (10) File: C:/Users/Midas/Desktop/quartus/project/down_move.v Line: 74
Warning (10230): Verilog HDL assignment warning at down_move.v(83): truncated value with size 32 to match size of target (10) File: C:/Users/Midas/Desktop/quartus/project/down_move.v Line: 83
Warning (10230): Verilog HDL assignment warning at down_move.v(92): truncated value with size 32 to match size of target (10) File: C:/Users/Midas/Desktop/quartus/project/down_move.v Line: 92
Warning (10230): Verilog HDL assignment warning at down_move.v(101): truncated value with size 32 to match size of target (10) File: C:/Users/Midas/Desktop/quartus/project/down_move.v Line: 101
Warning (10230): Verilog HDL assignment warning at down_move.v(110): truncated value with size 32 to match size of target (10) File: C:/Users/Midas/Desktop/quartus/project/down_move.v Line: 110
Warning (10230): Verilog HDL assignment warning at down_move.v(119): truncated value with size 32 to match size of target (10) File: C:/Users/Midas/Desktop/quartus/project/down_move.v Line: 119
Warning (10230): Verilog HDL assignment warning at down_move.v(128): truncated value with size 32 to match size of target (10) File: C:/Users/Midas/Desktop/quartus/project/down_move.v Line: 128
Warning (10230): Verilog HDL assignment warning at down_move.v(137): truncated value with size 32 to match size of target (10) File: C:/Users/Midas/Desktop/quartus/project/down_move.v Line: 137
Warning (10230): Verilog HDL assignment warning at down_move.v(146): truncated value with size 32 to match size of target (10) File: C:/Users/Midas/Desktop/quartus/project/down_move.v Line: 146
Warning (10230): Verilog HDL assignment warning at down_move.v(155): truncated value with size 32 to match size of target (10) File: C:/Users/Midas/Desktop/quartus/project/down_move.v Line: 155
Warning (10230): Verilog HDL assignment warning at down_move.v(164): truncated value with size 32 to match size of target (10) File: C:/Users/Midas/Desktop/quartus/project/down_move.v Line: 164
Warning (10230): Verilog HDL assignment warning at down_move.v(173): truncated value with size 32 to match size of target (10) File: C:/Users/Midas/Desktop/quartus/project/down_move.v Line: 173
Info (12128): Elaborating entity "board_display" for hierarchy "board_display:bd" File: C:/Users/Midas/Desktop/quartus/project/project.v Line: 46
Warning (10230): Verilog HDL assignment warning at board_display.v(13): truncated value with size 32 to match size of target (4) File: C:/Users/Midas/Desktop/quartus/project/board_display.v Line: 13
Info (286030): Timing-Driven Synthesis is running
Info (16010): Generating hard_block partition "hard_block:auto_generated_inst"
    Info (16011): Adding 0 node(s), including 0 DDIO, 0 PLL, 0 transceiver and 0 LCELL
Info (21057): Implemented 1807 device resources after synthesis - the final resource count might be different
    Info (21058): Implemented 4 input pins
    Info (21059): Implemented 38 output pins
    Info (21061): Implemented 1765 logic cells
Info: Quartus Prime Analysis & Synthesis was successful. 0 errors, 33 warnings
    Info: Peak virtual memory: 4899 megabytes
    Info: Processing ended: Fri Dec 30 03:10:26 2022
    Info: Elapsed time: 00:00:17
    Info: Total CPU time (on all processors): 00:00:26


